<?xml version="1.0" encoding="UTF-8"?>
<!-- Generated by org.testng.reporters.JUnitXMLReporter -->
<testsuite hostname="Aditya_PC" ignored="0" tests="3" failures="0" timestamp="21 Jun 2018 22:27:40 GMT" time="42.913" errors="0">
  <testcase name="attempt_Login_With_Incorrect_Password_Should_Render_Error_Message" time="1.594" classname="HRIStestClass"/>
  <testcase name="attempt_Login_With_No_Password_Should_Annotate_Black_Password_Field" time="0.307" classname="HRIStestClass"/>
  <testcase name="attempt_Login_With_correct_Password_Should_Render_Error_Message" time="7.383" classname="HRIStestClass"/>
</testsuite>
