<?xml version="1.0" encoding="UTF-8"?>
<testng-results skipped="0" failed="0" ignored="0" total="3" passed="3">
  <reporter-output>
  </reporter-output>
  <suite name="Default suite" duration-ms="42913" started-at="2018-06-21T22:26:57Z" finished-at="2018-06-21T22:27:40Z">
    <groups>
    </groups>
    <test name="Default test" duration-ms="42913" started-at="2018-06-21T22:26:57Z" finished-at="2018-06-21T22:27:40Z">
      <class name="HRIStestClass">
        <test-method status="PASS" signature="launchBrowser()[pri:0, instance:HRIStestClass@5b275dab]" name="launchBrowser" is-config="true" duration-ms="33590" started-at="2018-06-21T22:26:57Z" finished-at="2018-06-21T22:27:31Z">
          <reporter-output>
          </reporter-output>
        </test-method> <!-- launchBrowser -->
        <test-method status="PASS" signature="attempt_Login_With_Incorrect_Password_Should_Render_Error_Message()[pri:0, instance:HRIStestClass@5b275dab]" name="attempt_Login_With_Incorrect_Password_Should_Render_Error_Message" duration-ms="1594" started-at="2018-06-21T22:27:31Z" finished-at="2018-06-21T22:27:32Z">
          <reporter-output>
          </reporter-output>
        </test-method> <!-- attempt_Login_With_Incorrect_Password_Should_Render_Error_Message -->
        <test-method status="PASS" signature="attempt_Login_With_No_Password_Should_Annotate_Black_Password_Field()[pri:0, instance:HRIStestClass@5b275dab]" name="attempt_Login_With_No_Password_Should_Annotate_Black_Password_Field" duration-ms="307" started-at="2018-06-21T22:27:32Z" finished-at="2018-06-21T22:27:33Z">
          <reporter-output>
          </reporter-output>
        </test-method> <!-- attempt_Login_With_No_Password_Should_Annotate_Black_Password_Field -->
        <test-method status="PASS" signature="attempt_Login_With_correct_Password_Should_Render_Error_Message()[pri:0, instance:HRIStestClass@5b275dab]" name="attempt_Login_With_correct_Password_Should_Render_Error_Message" duration-ms="7383" started-at="2018-06-21T22:27:33Z" finished-at="2018-06-21T22:27:40Z">
          <reporter-output>
          </reporter-output>
        </test-method> <!-- attempt_Login_With_correct_Password_Should_Render_Error_Message -->
        <test-method status="PASS" signature="closeBrowser()[pri:0, instance:HRIStestClass@5b275dab]" name="closeBrowser" is-config="true" duration-ms="0" started-at="2018-06-21T22:27:40Z" finished-at="2018-06-21T22:27:40Z">
          <reporter-output>
          </reporter-output>
        </test-method> <!-- closeBrowser -->
      </class> <!-- HRIStestClass -->
    </test> <!-- Default test -->
  </suite> <!-- Default suite -->
</testng-results>
